<?xml version="1.0" encoding="UTF-8"?>
<!-- Generated by org.testng.reporters.JUnitXMLReporter -->
<testsuite ignored="0" hostname="Ankush-Mhala" failures="3" tests="4" name="Regression Test" time="0.227" errors="0" timestamp="2026-06-25T21:17:51 IST">
  <testcase classname="testClass.LoginTest" name="userLoginTest" time="0.068">
    <failure type="java.lang.Error" message="Unresolved compilation problems: 
	The import org.testng cannot be resolved
	SoftAssert cannot be resolved to a type
	SoftAssert cannot be resolved to a type
	SoftAssert cannot be resolved to a type
	SoftAssert cannot be resolved to a type
	SoftAssert cannot be resolved to a type
	SoftAssert cannot be resolved to a type
	SoftAssert cannot be resolved to a type
	SoftAssert cannot be resolved to a type
">
      <![CDATA[java.lang.Error: Unresolved compilation problems: 
SoftAssert cannot be resolved to a type
SoftAssert cannot be resolved to a type
SoftAssert cannot be resolved to a type
SoftAssert cannot be resolved to a type
SoftAssert cannot be resolved to a type
SoftAssert cannot be resolved to a type
SoftAssert cannot be resolved to a type
SoftAssert cannot be resolved to a type

at utilities.CommonUtility.<init>(CommonUtility.java:17)
at testClass.LoginTest.userLoginTest(LoginTest.java:25)
at java.base/java.util.ArrayList.forEach(ArrayList.java:1596)
... Removed 26 stack frames]]>
    </failure>
  </testcase> <!-- userLoginTest -->
  <testcase classname="testClass.LogoutTest" name="userLogout" time="0.028">
    <failure type="java.lang.NullPointerException" message="Cannot invoke &amp;quot;utilities.ConfigFileReader.getUsername()&amp;quot; because &amp;quot;this.config&amp;quot; is null">
      <![CDATA[java.lang.NullPointerException: Cannot invoke "utilities.ConfigFileReader.getUsername()" because "this.config" is null
at testClass.LogoutTest.userLogout(LogoutTest.java:24)
at java.base/java.util.ArrayList.forEach(ArrayList.java:1596)
... Removed 25 stack frames]]>
    </failure>
  </testcase> <!-- userLogout -->
  <testcase classname="testClass.ValidInvalidLogin" name="loginWithInvalidCredentials" time="0.009">
    <failure type="java.lang.Error" message="Unresolved compilation problems: 
	The import org.testng cannot be resolved
	SoftAssert cannot be resolved to a type
	SoftAssert cannot be resolved to a type
	SoftAssert cannot be resolved to a type
	SoftAssert cannot be resolved to a type
	SoftAssert cannot be resolved to a type
	SoftAssert cannot be resolved to a type
	SoftAssert cannot be resolved to a type
	SoftAssert cannot be resolved to a type
">
      <![CDATA[java.lang.Error: Unresolved compilation problems: 
SoftAssert cannot be resolved to a type
SoftAssert cannot be resolved to a type
SoftAssert cannot be resolved to a type
SoftAssert cannot be resolved to a type
SoftAssert cannot be resolved to a type
SoftAssert cannot be resolved to a type
SoftAssert cannot be resolved to a type
SoftAssert cannot be resolved to a type

at utilities.CommonUtility.<init>(CommonUtility.java:17)
at testClass.ValidInvalidLogin.loginWithInvalidCredentials(ValidInvalidLogin.java:25)
at java.base/java.util.ArrayList.forEach(ArrayList.java:1596)
... Removed 26 stack frames]]>
    </failure>
  </testcase> <!-- loginWithInvalidCredentials -->
  <testcase classname="testClass.ValidInvalidLogin" name="loginWithValidCredentials" time="0.0">
    <skipped/>
  </testcase> <!-- loginWithValidCredentials -->
</testsuite> <!-- Regression Test -->
