<?xml version="1.0" encoding="UTF-8"?>
<!-- Generated by org.testng.reporters.JUnitXMLReporter -->
<testsuite ignored="0" hostname="Ankush-Mhala" failures="0" tests="4" name="Regression Test" time="35.047" errors="0" timestamp="2026-06-25T17:37:20 IST">
  <testcase classname="testClass.LoginTest" name="userLoginTest" time="2.982"/>
  <testcase classname="testClass.LogoutTest" name="userLogout" time="4.092"/>
  <testcase classname="testClass.ValidInvalidLogin" name="loginWithInvalidCredentials" time="2.756"/>
  <testcase classname="testClass.ValidInvalidLogin" name="loginWithValidCredentials" time="3.212"/>
</testsuite> <!-- Regression Test -->
