<?xml version="1.0" encoding="UTF-8"?>
<!-- Generated by org.testng.reporters.JUnitReportReporter -->
<testsuite hostname="Ankush-Mhala" failures="0" tests="2" name="testClass.ValidInvalidLogin" time="5.968" errors="0" timestamp="2026-06-25T17:37:20 IST" skipped="0">
  <testcase classname="testClass.ValidInvalidLogin" name="loginWithInvalidCredentials" time="2.756"/>
  <testcase classname="testClass.ValidInvalidLogin" name="loginWithValidCredentials" time="3.212"/>
</testsuite> <!-- testClass.ValidInvalidLogin -->
