<?xml version="1.0" encoding="UTF-8"?>
<!-- Generated by org.testng.reporters.JUnitReportReporter -->
<testsuite hostname="Ankush-Mhala" failures="0" tests="2" name="testClass.ValidInvalidLogin" time="6.609" errors="0" timestamp="2026-06-25T17:53:57 IST" skipped="0">
  <testcase classname="testClass.ValidInvalidLogin" name="loginWithInvalidCredentials" time="3.846"/>
  <testcase classname="testClass.ValidInvalidLogin" name="loginWithValidCredentials" time="2.763"/>
</testsuite> <!-- testClass.ValidInvalidLogin -->
